<?xml version="1.0" encoding="UTF-8"?>
<!-- Generated by org.testng.reporters.JUnitReportReporter -->
<testsuite hostname="Hacker-PC" name="test.example1Test" tests="4" failures="0" timestamp="26 Mar 2017 13:07:04 GMT" time="3.268" errors="0">
  <testcase name="loginTest" time="0.001" classname="test.example1Test"/>
  <testcase name="test3" time="1.413" classname="test.example1Test"/>
  <testcase name="loginTest" time="0.004" classname="test.example1Test"/>
  <testcase name="test1" time="1.850" classname="test.example1Test"/>
</testsuite> <!-- test.example1Test -->
